<?xml version="1.0" encoding="UTF-8"?>
<testng-results total="1" passed="1" failed="0" skipped="0">
  <reporter-output>
  </reporter-output>
  <suite started-at="2021-10-31T11:26:10Z" name="Default suite" finished-at="2021-10-31T11:27:04Z" duration-ms="53810">
    <groups>
    </groups>
    <test started-at="2021-10-31T11:26:10Z" name="Default test" finished-at="2021-10-31T11:27:04Z" duration-ms="53810">
      <class name="com.it.test.AttendanceTest">
        <test-method signature="attendanceTest()[pri:0, instance:com.it.test.AttendanceTest@1d483de4]" started-at="2021-10-31T19:26:10Z" name="attendanceTest" finished-at="2021-10-31T19:27:04Z" duration-ms="53784" status="PASS">
          <reporter-output>
          </reporter-output>
        </test-method> <!-- attendanceTest -->
      </class> <!-- com.it.test.AttendanceTest -->
    </test> <!-- Default test -->
  </suite> <!-- Default suite -->
</testng-results>
