<?xml version="1.0" encoding="UTF-8"?>
<testng-results total="1" passed="1" failed="0" skipped="0">
  <reporter-output>
  </reporter-output>
  <suite started-at="2021-10-30T11:56:18Z" name="Default suite" finished-at="2021-10-30T11:56:53Z" duration-ms="34477">
    <groups>
    </groups>
    <test started-at="2021-10-30T11:56:18Z" name="Default test" finished-at="2021-10-30T11:56:53Z" duration-ms="34477">
      <class name="com.it.test.AttendanceTest">
        <test-method signature="attendanceTest()[pri:0, instance:com.it.test.AttendanceTest@771db12c]" started-at="2021-10-30T19:56:18Z" name="attendanceTest" finished-at="2021-10-30T19:56:53Z" duration-ms="34418" status="PASS">
          <reporter-output>
          </reporter-output>
        </test-method> <!-- attendanceTest -->
      </class> <!-- com.it.test.AttendanceTest -->
    </test> <!-- Default test -->
  </suite> <!-- Default suite -->
</testng-results>
