<?xml version="1.0" encoding="UTF-8"?>
<!-- Generated by org.testng.reporters.JUnitXMLReporter -->
<testsuite hostname="WIN-Q1HIH6APM6I" failures="0" tests="3" name="Test" time="16.731" errors="0" timestamp="2 Nov 2021 04:44:03 GMT">
  <testcase classname="com.it.test.AttendanceTest" name="attendanceTest" time="16.644"/>
  <testcase classname="com.it.test.WeiboTest" name="weiboTest" time="0.019"/>
  <testcase classname="com.it.test.ImTest" name="imTest" time="0.02"/>
</testsuite> <!-- Test -->
